#-----------------------------------------------------------
# Vivado v2018.3 (64-bit)
# SW Build 2405991 on Thu Dec  6 23:38:27 MST 2018
# IP Build 2404404 on Fri Dec  7 01:43:56 MST 2018
# Start of session at: Mon Feb 25 15:53:00 2019
# Process ID: 1656
# Current directory: C:/Users/oraclepc/Documents/ENES246-master/-3AndNand/project_2
# Command line: vivado.exe -gui_launcher_event rodinguilauncherevent15924 C:\Users\oraclepc\Documents\ENES246-master\-3AndNand\project_2\project_2.xpr
# Log file: C:/Users/oraclepc/Documents/ENES246-master/-3AndNand/project_2/vivado.log
# Journal file: C:/Users/oraclepc/Documents/ENES246-master/-3AndNand/project_2\vivado.jou
#-----------------------------------------------------------
start_gui
open_project C:/Users/oraclepc/Documents/ENES246-master/-3AndNand/project_2/project_2.xpr
Scanning sources...
Finished scanning sources
WARNING: [filemgmt 56-3] IPUserFilesDir: Could not find the directory 'C:/Users/oraclepc/Documents/ENES246-master/-3AndNand/project_2/project_2.ip_user_files'.
INFO: [IP_Flow 19-234] Refreshing IP repositories
INFO: [IP_Flow 19-1704] No user IP repositories specified
INFO: [IP_Flow 19-2313] Loaded Vivado IP repository 'C:/Xilinx/Vivado/2018.3/data/ip'.
open_project: Time (s): cpu = 00:00:13 ; elapsed = 00:00:09 . Memory (MB): peak = 714.367 ; gain = 75.438
update_compile_order -fileset sources_1
reset_run synth_1
launch_runs impl_1 -jobs 4
[Mon Feb 25 15:55:15 2019] Launched synth_1...
Run output will be captured here: C:/Users/oraclepc/Documents/ENES246-master/-3AndNand/project_2/project_2.runs/synth_1/runme.log
[Mon Feb 25 15:55:15 2019] Launched impl_1...
Run output will be captured here: C:/Users/oraclepc/Documents/ENES246-master/-3AndNand/project_2/project_2.runs/impl_1/runme.log
reset_run synth_1
launch_runs impl_1 -to_step write_bitstream -jobs 4
[Mon Feb 25 15:57:01 2019] Launched synth_1...
Run output will be captured here: C:/Users/oraclepc/Documents/ENES246-master/-3AndNand/project_2/project_2.runs/synth_1/runme.log
[Mon Feb 25 15:57:01 2019] Launched impl_1...
Run output will be captured here: C:/Users/oraclepc/Documents/ENES246-master/-3AndNand/project_2/project_2.runs/impl_1/runme.log
open_hw
connect_hw_server
INFO: [Labtools 27-2285] Connecting to hw_server url TCP:localhost:3121
open_hw_target
INFO: [Labtoolstcl 44-466] Opening hw_target localhost:3121/xilinx_tcf/Digilent/210292A402C1A
set_property PROGRAM.FILE {C:/Users/oraclepc/Documents/ENES246-master/-3AndNand/project_2/project_2.runs/impl_1/vcb.bit} [get_hw_devices xc7a100t_0]
current_hw_device [get_hw_devices xc7a100t_0]
refresh_hw_device -update_hw_probes false [lindex [get_hw_devices xc7a100t_0] 0]
INFO: [Labtools 27-1434] Device xc7a100t (JTAG device index = 0) is programmed with a design that has no supported debug core(s) in it.
reset_run synth_1
launch_runs impl_1 -jobs 4
[Mon Feb 25 16:02:09 2019] Launched synth_1...
Run output will be captured here: C:/Users/oraclepc/Documents/ENES246-master/-3AndNand/project_2/project_2.runs/synth_1/runme.log
[Mon Feb 25 16:02:09 2019] Launched impl_1...
Run output will be captured here: C:/Users/oraclepc/Documents/ENES246-master/-3AndNand/project_2/project_2.runs/impl_1/runme.log
launch_runs impl_1 -to_step write_bitstream -jobs 4
[Mon Feb 25 16:03:46 2019] Launched impl_1...
Run output will be captured here: C:/Users/oraclepc/Documents/ENES246-master/-3AndNand/project_2/project_2.runs/impl_1/runme.log
open_run impl_1
INFO: [Project 1-479] Netlist was created with Vivado 2018.3
INFO: [Device 21-403] Loading part xc7a100tcsg324-1
INFO: [Project 1-570] Preparing netlist for logic optimization
INFO: [Timing 38-478] Restoring timing data from binary archive.
INFO: [Timing 38-479] Binary timing data restore complete.
INFO: [Project 1-856] Restoring constraints from binary archive.
INFO: [Project 1-853] Binary constraint restore complete.
Reading XDEF placement.
Reading placer database...
Reading XDEF routing.
Read XDEF File: Time (s): cpu = 00:00:00 ; elapsed = 00:00:00.031 . Memory (MB): peak = 2593.953 ; gain = 0.000
Restored from archive | CPU: 0.000000 secs | Memory: 0.000000 MB |
Finished XDEF File Restore: Time (s): cpu = 00:00:00 ; elapsed = 00:00:00.033 . Memory (MB): peak = 2593.953 ; gain = 0.000
Netlist sorting complete. Time (s): cpu = 00:00:00 ; elapsed = 00:00:00 . Memory (MB): peak = 2593.953 ; gain = 0.000
INFO: [Project 1-111] Unisim Transformation Summary:
No Unisim elements were transformed.

open_run: Time (s): cpu = 00:00:26 ; elapsed = 00:00:23 . Memory (MB): peak = 2702.203 ; gain = 954.730
WARNING: [Timing 38-313] There are no user specified timing constraints. Timing constraints are needed for proper timing analysis.
set_property PROBES.FILE {} [get_hw_devices xc7a100t_0]
set_property FULL_PROBES.FILE {} [get_hw_devices xc7a100t_0]
set_property PROGRAM.FILE {C:/Users/oraclepc/Documents/ENES246-master/-3AndNand/project_2/project_2.runs/impl_1/vcb.bit} [get_hw_devices xc7a100t_0]
program_hw_devices [get_hw_devices xc7a100t_0]
INFO: [Labtools 27-3164] End of startup status: HIGH
refresh_hw_device [lindex [get_hw_devices xc7a100t_0] 0]
INFO: [Labtools 27-1434] Device xc7a100t (JTAG device index = 0) is programmed with a design that has no supported debug core(s) in it.
ERROR: [Labtoolstcl 44-513] HW Target shutdown. Closing target: localhost:3121/xilinx_tcf/Digilent/210292A402C1A
INFO: [Labtoolstcl 44-466] Opening hw_target localhost:3121/xilinx_tcf/Digilent/210292A402C1A
INFO: [Labtools 27-1435] Device xc7a100t (JTAG device index = 0) is not programmed (DONE status = 0).
WARNING: [Labtoolstcl 44-129] No matching hw_ila_data was found.
exit
INFO: [Common 17-206] Exiting Vivado at Mon Feb 25 16:48:23 2019...
