#-----------------------------------------------------------
# Vivado v2018.3 (64-bit)
# SW Build 2405991 on Thu Dec  6 23:38:27 MST 2018
# IP Build 2404404 on Fri Dec  7 01:43:56 MST 2018
# Start of session at: Wed Feb 27 15:12:37 2019
# Process ID: 6296
# Current directory: C:/Users/oraclepc/Documents/ENES246-master/-3AndNand/project_3
# Command line: vivado.exe -gui_launcher_event rodinguilauncherevent10612 C:\Users\oraclepc\Documents\ENES246-master\-3AndNand\project_3\project_3.xpr
# Log file: C:/Users/oraclepc/Documents/ENES246-master/-3AndNand/project_3/vivado.log
# Journal file: C:/Users/oraclepc/Documents/ENES246-master/-3AndNand/project_3\vivado.jou
#-----------------------------------------------------------
start_gui
open_project C:/Users/oraclepc/Documents/ENES246-master/-3AndNand/project_3/project_3.xpr
Scanning sources...
Finished scanning sources
INFO: [IP_Flow 19-234] Refreshing IP repositories
INFO: [IP_Flow 19-1704] No user IP repositories specified
INFO: [IP_Flow 19-2313] Loaded Vivado IP repository 'C:/Xilinx/Vivado/2018.3/data/ip'.
open_project: Time (s): cpu = 00:00:13 ; elapsed = 00:00:28 . Memory (MB): peak = 660.195 ; gain = 81.484
update_compile_order -fileset sources_1
synth_design -rtl -name rtl_1
Command: synth_design -rtl -name rtl_1
Starting synth_design
Using part: xc7a100tcsg324-1
Top: design_sources
---------------------------------------------------------------------------------
Starting RTL Elaboration : Time (s): cpu = 00:00:02 ; elapsed = 00:00:05 . Memory (MB): peak = 789.414 ; gain = 88.633
---------------------------------------------------------------------------------
INFO: [Synth 8-6157] synthesizing module 'design_sources' [C:/Users/oraclepc/Documents/ENES246-master/-3AndNand/project_3/project_3.srcs/sources_1/new/design_sources.v:23]
INFO: [Synth 8-6155] done synthesizing module 'design_sources' (1#1) [C:/Users/oraclepc/Documents/ENES246-master/-3AndNand/project_3/project_3.srcs/sources_1/new/design_sources.v:23]
---------------------------------------------------------------------------------
Finished RTL Elaboration : Time (s): cpu = 00:00:03 ; elapsed = 00:00:07 . Memory (MB): peak = 808.461 ; gain = 107.680
---------------------------------------------------------------------------------

Report Check Netlist: 
+------+------------------+-------+---------+-------+------------------+
|      |Item              |Errors |Warnings |Status |Description       |
+------+------------------+-------+---------+-------+------------------+
|1     |multi_driven_nets |      0|        0|Passed |Multi driven nets |
+------+------------------+-------+---------+-------+------------------+
---------------------------------------------------------------------------------
Start Handling Custom Attributes
---------------------------------------------------------------------------------
---------------------------------------------------------------------------------
Finished Handling Custom Attributes : Time (s): cpu = 00:00:03 ; elapsed = 00:00:07 . Memory (MB): peak = 808.461 ; gain = 107.680
---------------------------------------------------------------------------------
---------------------------------------------------------------------------------
Finished RTL Optimization Phase 1 : Time (s): cpu = 00:00:03 ; elapsed = 00:00:07 . Memory (MB): peak = 808.461 ; gain = 107.680
---------------------------------------------------------------------------------
INFO: [Device 21-403] Loading part xc7a100tcsg324-1
INFO: [Project 1-570] Preparing netlist for logic optimization

Processing XDC Constraints
Initializing timing engine
Parsing XDC File [C:/Users/oraclepc/Documents/ENES246-master/-3AndNand/project_3/project_3.srcs/constrs_1/new/project_3_constraints.xdc]
Finished Parsing XDC File [C:/Users/oraclepc/Documents/ENES246-master/-3AndNand/project_3/project_3.srcs/constrs_1/new/project_3_constraints.xdc]
Completed Processing XDC Constraints

INFO: [Opt 31-138] Pushed 0 inverter(s) to 0 load pin(s).
Netlist sorting complete. Time (s): cpu = 00:00:00 ; elapsed = 00:00:00.001 . Memory (MB): peak = 1091.172 ; gain = 0.000
INFO: [Project 1-111] Unisim Transformation Summary:
No Unisim elements were transformed.

RTL Elaboration Complete:  : Time (s): cpu = 00:00:20 ; elapsed = 00:00:28 . Memory (MB): peak = 1210.742 ; gain = 509.961
6 Infos, 0 Warnings, 0 Critical Warnings and 0 Errors encountered.
synth_design completed successfully
synth_design: Time (s): cpu = 00:00:20 ; elapsed = 00:00:28 . Memory (MB): peak = 1210.742 ; gain = 509.961
reset_run synth_1
launch_runs synth_1 -jobs 4
[Wed Feb 27 15:29:25 2019] Launched synth_1...
Run output will be captured here: C:/Users/oraclepc/Documents/ENES246-master/-3AndNand/project_3/project_3.runs/synth_1/runme.log
open_run synth_1 -name synth_1
Design is defaulting to impl run constrset: constrs_1
Design is defaulting to synth run part: xc7a100tcsg324-1
INFO: [Project 1-479] Netlist was created with Vivado 2018.3
INFO: [Project 1-570] Preparing netlist for logic optimization
Parsing XDC File [C:/Users/oraclepc/Documents/ENES246-master/-3AndNand/project_3/project_3.srcs/constrs_1/new/project_3_constraints.xdc]
Finished Parsing XDC File [C:/Users/oraclepc/Documents/ENES246-master/-3AndNand/project_3/project_3.srcs/constrs_1/new/project_3_constraints.xdc]
INFO: [Opt 31-138] Pushed 0 inverter(s) to 0 load pin(s).
Netlist sorting complete. Time (s): cpu = 00:00:00 ; elapsed = 00:00:00.001 . Memory (MB): peak = 1236.984 ; gain = 0.000
INFO: [Project 1-111] Unisim Transformation Summary:
No Unisim elements were transformed.

launch_runs impl_1 -jobs 4
Netlist sorting complete. Time (s): cpu = 00:00:00 ; elapsed = 00:00:00 . Memory (MB): peak = 1811.590 ; gain = 0.000
Writing placer database...
INFO: [Timing 38-480] Writing timing data to binary archive.
Writing XDEF routing.
Writing XDEF routing logical nets.
Writing XDEF routing special nets.
Write XDEF Complete: Time (s): cpu = 00:00:00 ; elapsed = 00:00:00.126 . Memory (MB): peak = 1811.590 ; gain = 0.000
Netlist sorting complete. Time (s): cpu = 00:00:00 ; elapsed = 00:00:00 . Memory (MB): peak = 1817.441 ; gain = 0.000
[Wed Feb 27 15:32:03 2019] Launched impl_1...
Run output will be captured here: C:/Users/oraclepc/Documents/ENES246-master/-3AndNand/project_3/project_3.runs/impl_1/runme.log
open_run impl_1
INFO: [Project 1-479] Netlist was created with Vivado 2018.3
INFO: [Project 1-570] Preparing netlist for logic optimization
INFO: [Timing 38-478] Restoring timing data from binary archive.
INFO: [Timing 38-479] Binary timing data restore complete.
INFO: [Project 1-856] Restoring constraints from binary archive.
INFO: [Project 1-853] Binary constraint restore complete.
Reading XDEF placement.
Reading placer database...
Reading XDEF routing.
Read XDEF File: Time (s): cpu = 00:00:00 ; elapsed = 00:00:00.030 . Memory (MB): peak = 1969.434 ; gain = 0.000
Restored from archive | CPU: 0.000000 secs | Memory: 0.000000 MB |
Finished XDEF File Restore: Time (s): cpu = 00:00:00 ; elapsed = 00:00:00.031 . Memory (MB): peak = 1969.434 ; gain = 0.000
Netlist sorting complete. Time (s): cpu = 00:00:00 ; elapsed = 00:00:00 . Memory (MB): peak = 1969.434 ; gain = 0.000
INFO: [Project 1-111] Unisim Transformation Summary:
No Unisim elements were transformed.

WARNING: [Timing 38-313] There are no user specified timing constraints. Timing constraints are needed for proper timing analysis.
launch_runs impl_1 -to_step write_bitstream -jobs 4
[Wed Feb 27 15:40:17 2019] Launched impl_1...
Run output will be captured here: C:/Users/oraclepc/Documents/ENES246-master/-3AndNand/project_3/project_3.runs/impl_1/runme.log
open_hw
connect_hw_server
INFO: [Labtools 27-2285] Connecting to hw_server url TCP:localhost:3121
INFO: [Labtools 27-2222] Launching hw_server...
INFO: [Labtools 27-2221] Launch Output:

****** Xilinx hw_server v2018.3
  **** Build date : Dec  7 2018-00:40:27
    ** Copyright 1986-2018 Xilinx, Inc. All Rights Reserved.


open_hw_target
INFO: [Labtoolstcl 44-466] Opening hw_target localhost:3121/xilinx_tcf/Digilent/210292A402C1A
set_property PROGRAM.FILE {C:/Users/oraclepc/Documents/ENES246-master/-3AndNand/project_3/project_3.runs/impl_1/design_sources.bit} [get_hw_devices xc7a100t_0]
current_hw_device [get_hw_devices xc7a100t_0]
refresh_hw_device -update_hw_probes false [lindex [get_hw_devices xc7a100t_0] 0]
INFO: [Labtools 27-1434] Device xc7a100t (JTAG device index = 0) is programmed with a design that has no supported debug core(s) in it.
set_property PROBES.FILE {} [get_hw_devices xc7a100t_0]
set_property FULL_PROBES.FILE {} [get_hw_devices xc7a100t_0]
set_property PROGRAM.FILE {C:/Users/oraclepc/Documents/ENES246-master/-3AndNand/project_3/project_3.runs/impl_1/design_sources.bit} [get_hw_devices xc7a100t_0]
program_hw_devices [get_hw_devices xc7a100t_0]
INFO: [Labtools 27-3164] End of startup status: HIGH
refresh_hw_device [lindex [get_hw_devices xc7a100t_0] 0]
INFO: [Labtools 27-1434] Device xc7a100t (JTAG device index = 0) is programmed with a design that has no supported debug core(s) in it.
refresh_hw_device [lindex [get_hw_devices xc7a100t_0] 0]
INFO: [Labtools 27-1434] Device xc7a100t (JTAG device index = 0) is programmed with a design that has no supported debug core(s) in it.
reset_run synth_1
launch_runs impl_1 -jobs 4
WARNING: [Project 1-478] Design 'synth_1' is stale and will not be used when launching 'impl_1'
[Wed Feb 27 15:45:30 2019] Launched synth_1...
Run output will be captured here: C:/Users/oraclepc/Documents/ENES246-master/-3AndNand/project_3/project_3.runs/synth_1/runme.log
[Wed Feb 27 15:45:30 2019] Launched impl_1...
Run output will be captured here: C:/Users/oraclepc/Documents/ENES246-master/-3AndNand/project_3/project_3.runs/impl_1/runme.log
launch_runs impl_1 -to_step write_bitstream -jobs 4
[Wed Feb 27 15:47:35 2019] Launched impl_1...
Run output will be captured here: C:/Users/oraclepc/Documents/ENES246-master/-3AndNand/project_3/project_3.runs/impl_1/runme.log
set_property PROBES.FILE {} [get_hw_devices xc7a100t_0]
set_property FULL_PROBES.FILE {} [get_hw_devices xc7a100t_0]
set_property PROGRAM.FILE {C:/Users/oraclepc/Documents/ENES246-master/-3AndNand/project_3/project_3.runs/impl_1/design_sources.bit} [get_hw_devices xc7a100t_0]
program_hw_devices [get_hw_devices xc7a100t_0]
INFO: [Labtools 27-3164] End of startup status: HIGH
refresh_hw_device [lindex [get_hw_devices xc7a100t_0] 0]
INFO: [Labtools 27-1434] Device xc7a100t (JTAG device index = 0) is programmed with a design that has no supported debug core(s) in it.
current_design synth_1
refresh_design
INFO: [Project 1-479] Netlist was created with Vivado 2018.3
INFO: [Project 1-570] Preparing netlist for logic optimization
Parsing XDC File [C:/Users/oraclepc/Documents/ENES246-master/-3AndNand/project_3/project_3.srcs/constrs_1/new/project_3_constraints.xdc]
Finished Parsing XDC File [C:/Users/oraclepc/Documents/ENES246-master/-3AndNand/project_3/project_3.srcs/constrs_1/new/project_3_constraints.xdc]
INFO: [Opt 31-138] Pushed 0 inverter(s) to 0 load pin(s).
reset_run synth_1
launch_runs impl_1 -jobs 4
WARNING: [Project 1-478] Design 'synth_1' is stale and will not be used when launching 'impl_1'
[Wed Feb 27 15:52:24 2019] Launched synth_1...
Run output will be captured here: C:/Users/oraclepc/Documents/ENES246-master/-3AndNand/project_3/project_3.runs/synth_1/runme.log
[Wed Feb 27 15:52:24 2019] Launched impl_1...
Run output will be captured here: C:/Users/oraclepc/Documents/ENES246-master/-3AndNand/project_3/project_3.runs/impl_1/runme.log
launch_runs impl_1 -to_step write_bitstream -jobs 4
[Wed Feb 27 15:53:59 2019] Launched impl_1...
Run output will be captured here: C:/Users/oraclepc/Documents/ENES246-master/-3AndNand/project_3/project_3.runs/impl_1/runme.log
set_property PROBES.FILE {} [get_hw_devices xc7a100t_0]
set_property FULL_PROBES.FILE {} [get_hw_devices xc7a100t_0]
set_property PROGRAM.FILE {C:/Users/oraclepc/Documents/ENES246-master/-3AndNand/project_3/project_3.runs/impl_1/design_sources.bit} [get_hw_devices xc7a100t_0]
program_hw_devices [get_hw_devices xc7a100t_0]
INFO: [Labtools 27-3164] End of startup status: HIGH
refresh_hw_device [lindex [get_hw_devices xc7a100t_0] 0]
INFO: [Labtools 27-1434] Device xc7a100t (JTAG device index = 0) is programmed with a design that has no supported debug core(s) in it.
reset_run synth_1
launch_runs impl_1 -jobs 4
WARNING: [Project 1-478] Design 'synth_1' is stale and will not be used when launching 'impl_1'
[Wed Feb 27 15:56:42 2019] Launched synth_1...
Run output will be captured here: C:/Users/oraclepc/Documents/ENES246-master/-3AndNand/project_3/project_3.runs/synth_1/runme.log
[Wed Feb 27 15:56:42 2019] Launched impl_1...
Run output will be captured here: C:/Users/oraclepc/Documents/ENES246-master/-3AndNand/project_3/project_3.runs/impl_1/runme.log
current_design impl_1
refresh_design
INFO: [Project 1-479] Netlist was created with Vivado 2018.3
INFO: [Project 1-570] Preparing netlist for logic optimization
INFO: [Timing 38-478] Restoring timing data from binary archive.
INFO: [Timing 38-479] Binary timing data restore complete.
INFO: [Project 1-856] Restoring constraints from binary archive.
INFO: [Project 1-853] Binary constraint restore complete.
Reading XDEF placement.
Reading placer database...
Reading XDEF routing.
Read XDEF File: Time (s): cpu = 00:00:00 ; elapsed = 00:00:00.031 . Memory (MB): peak = 3285.848 ; gain = 0.000
Restored from archive | CPU: 0.000000 secs | Memory: 0.000000 MB |
Finished XDEF File Restore: Time (s): cpu = 00:00:00 ; elapsed = 00:00:00.031 . Memory (MB): peak = 3285.848 ; gain = 0.000
WARNING: [Timing 38-313] There are no user specified timing constraints. Timing constraints are needed for proper timing analysis.
current_design synth_1
